"Start of log file."
"C:/Users/Aranai/DOCUME~1/GitHub/ISLAND~1/Assets/Models/Flint.max"
"Starting max loading and fbx conversion"
window = undefined
"Settings units"
"Before fbx export"
"After fbx export"
"Finished max loading and fbx conversion"
"C:/Users/Aranai/DOCUME~1/GitHub/ISLAND~1/Assets/Models/Onion.max"
"Starting max loading and fbx conversion"
window = undefined
"Settings units"
"Before fbx export"
"After fbx export"
"Finished max loading and fbx conversion"
"C:/Users/Aranai/DOCUME~1/GitHub/ISLAND~1/Assets/Models/Mushroom.max"
"Starting max loading and fbx conversion"
window = undefined
"Settings units"
"Before fbx export"
"After fbx export"
"Finished max loading and fbx conversion"
